1
0
1
3
3
B

2
2
5
8
C

3
1
B

4
0
A

5
1
B

6
1
B

7
0
B

8
1
B
C
D
A0

9
0
A

10
1
A

11
0
2
3
3
4
E

12
1
A

13
0
1
2
2
3
A

14
0
B

15
1
4
5
B

16
0
A

17
1
B

18
0
1
2
A

19
1
4
6
C

20
0
1
2
C

21
0
1
2
C

22
0
C

23
0
A

24
2
B

25
0
2
2
B
C
A0
D0

26
0
A

27
0
1
3
3
B

28
1
3
5
6
C

29
0
A
B

30
1
3
4
6
C

31
1
4
6
B

32
0
2
2
A

33
1
4
5
B
C
E0
A0
D0
E0
E0

34
0
A

35
4
A

36
2
A
D
E
B0
C0

37
0
A

38
0
A

39
0
A

40
0
B

41
1
B
C
A0

42
2
A

43
0
2
3
A

44
1
B

45
0
A

46
0
A
B

47
1
A
C
B0

48
0
1
1
A
B
C0

49
2
A
D
B0
C0

50
0
B

51
1
A

52
0
1
2
A

53
0
A

54
3
D

55
0
3
4
B

56
0
A
B
C

57
3
C

58
0
A

59
1
C

60
0
B

61
0
1
2
A

62
0
1
2
B

63
2
B

64
2
5
8
E

65
0
A
B
C

66
1
A

67
1
3
4
A
C
E
B0
B0
D0
B0

68
0
3
3
A

69
2
C

70
0
C

71
1
5
6
E

72
0
2
2
A

73
2
6
8
E

74
0
A

75
0
A

76
2
A
D
B0
C0

77
0
A

78
0
1
2
C

79
1
3
5
D

80
0
A

81
1
A
C
D
E
B0

82
4
B

83
0
A

84
2
5
8
C

85
0
B

86
2
A
C
B0
D0

87
0
A

88
0
A

89
0
A

90
0
A
B

91
0
A

92
3
D

93
0
A

94
0
2
3
3
A

95
0
A

96
0
A

97
2
6
8
D

98
0
B

99
0
A

100
0
A
